
> aluminify@0.1.1 typecheck
> tsc -p tsconfig.json --noEmit

app/api/student/bulk-import/route.ts(4,1): error TS1109: Expression expected.
app/api/student/bulk-import/route.ts(4,3): error TS1434: Unexpected keyword or identifier.
app/api/student/import/route.ts(5,1): error TS1109: Expression expected.
app/api/student/import/route.ts(5,3): error TS1434: Unexpected keyword or identifier.
app/api/student/route.ts(6,1): error TS1109: Expression expected.
app/api/student/route.ts(6,3): error TS1434: Unexpected keyword or identifier.
