
> aluminify@0.1.1 typecheck
> tsc -p tsconfig.json --noEmit

app/(dashboard)/admin/flashcards/flashcards-admin-client.tsx(182,6): error TS2448: Block-scoped variable 'fetchWithAuth' used before its declaration.
app/(dashboard)/admin/flashcards/flashcards-admin-client.tsx(182,6): error TS2454: Variable 'fetchWithAuth' is used before being assigned.
app/(dashboard)/admin/flashcards/flashcards-admin-client.tsx(195,6): error TS2448: Block-scoped variable 'fetchWithAuth' used before its declaration.
app/(dashboard)/admin/flashcards/flashcards-admin-client.tsx(195,6): error TS2454: Variable 'fetchWithAuth' is used before being assigned.
app/(dashboard)/admin/flashcards/flashcards-admin-client.tsx(208,6): error TS2448: Block-scoped variable 'fetchWithAuth' used before its declaration.
app/(dashboard)/admin/flashcards/flashcards-admin-client.tsx(208,6): error TS2454: Variable 'fetchWithAuth' is used before being assigned.
app/[tenant]/(dashboard)/curso/page.tsx(5,53): error TS2322: Type '"admin"' is not assignable to type 'AppUserRole'.
app/[tenant]/(dashboard)/disciplina/page.tsx(5,53): error TS2322: Type '"admin"' is not assignable to type 'AppUserRole'.
app/[tenant]/(dashboard)/professor/flashcards/flashcards-admin-client.tsx(180,6): error TS2448: Block-scoped variable 'fetchWithAuth' used before its declaration.
app/[tenant]/(dashboard)/professor/flashcards/flashcards-admin-client.tsx(180,6): error TS2454: Variable 'fetchWithAuth' is used before being assigned.
app/[tenant]/(dashboard)/professor/flashcards/flashcards-admin-client.tsx(193,6): error TS2448: Block-scoped variable 'fetchWithAuth' used before its declaration.
app/[tenant]/(dashboard)/professor/flashcards/flashcards-admin-client.tsx(193,6): error TS2454: Variable 'fetchWithAuth' is used before being assigned.
app/[tenant]/(dashboard)/professor/flashcards/flashcards-admin-client.tsx(206,6): error TS2448: Block-scoped variable 'fetchWithAuth' used before its declaration.
app/[tenant]/(dashboard)/professor/flashcards/flashcards-admin-client.tsx(206,6): error TS2454: Variable 'fetchWithAuth' is used before being assigned.
app/[tenant]/(dashboard)/segmento/page.tsx(5,53): error TS2322: Type '"admin"' is not assignable to type 'AppUserRole'.
app/api/discipline/route.ts(143,7): error TS2322: Type 'string | undefined' is not assignable to type 'string'.
  Type 'undefined' is not assignable to type 'string'.
app/api/segment/route.ts(134,7): error TS2322: Type 'string | undefined' is not assignable to type 'string'.
  Type 'undefined' is not assignable to type 'string'.
backend/services/atividade/atividade.repository-helper.ts(25,5): error TS2561: Object literal may only specify known properties, but 'moduloId' does not exist in type 'Atividade'. Did you mean to write 'modulo_id'?
backend/services/atividade/atividade.repository.ts(41,5): error TS2561: Object literal may only specify known properties, but 'moduloId' does not exist in type 'Atividade'. Did you mean to write 'modulo_id'?
backend/services/atividade/atividade.service.ts(21,5): error TS2322: Type '{ id: string; moduloId: string; tipo: TipoAtividade; titulo: string; arquivoUrl: string | null; gabaritoUrl: string | null; linkExterno: string | null; obrigatorio: boolean; ordemExibicao: number; createdBy: null; createdAt: Date; updatedAt: Date; }[]' is not assignable to type 'Atividade[]'.
  Type '{ id: string; moduloId: string; tipo: TipoAtividade; titulo: string; arquivoUrl: string | null; gabaritoUrl: string | null; linkExterno: string | null; obrigatorio: boolean; ordemExibicao: number; createdBy: null; createdAt: Date; updatedAt: Date; }' is missing the following properties from type 'Atividade': nome, frente_id, disciplina_id, status, and 2 more.
backend/services/atividade/atividade.service.ts(79,58): error TS2551: Property 'moduloId' does not exist on type 'Atividade'. Did you mean 'modulo_id'?
backend/services/atividade/atividade.service.ts(97,58): error TS2551: Property 'moduloId' does not exist on type 'Atividade'. Did you mean 'modulo_id'?
backend/services/atividade/atividade.service.ts(107,58): error TS2551: Property 'moduloId' does not exist on type 'Atividade'. Did you mean 'modulo_id'?
backend/services/atividade/atividade.types.ts(6,3): error TS2724: '"@/types/shared"' has no exported member named 'TipoAtividade'. Did you mean 'isAtividade'?
backend/services/atividade/atividade.types.ts(7,3): error TS2724: '"@/types/shared"' has no exported member named 'StatusAtividade'. Did you mean 'isAtividade'?
backend/services/atividade/atividade.types.ts(10,3): error TS2305: Module '"@/types/shared"' has no exported member 'CreateAtividadeInput'.
backend/services/atividade/atividade.types.ts(11,3): error TS2305: Module '"@/types/shared"' has no exported member 'UpdateAtividadeInput'.
backend/services/atividade/atividade.types.ts(12,3): error TS2305: Module '"@/types/shared"' has no exported member 'AtividadeComProgressoEHierarquia'.
backend/services/course/course.types.ts(6,3): error TS2305: Module '"@/types/shared"' has no exported member 'Modality'.
backend/services/course/course.types.ts(7,3): error TS2305: Module '"@/types/shared"' has no exported member 'CourseType'.
backend/services/cronograma/cronograma.service.ts(81,32): error TS2339: Property 'velocidade_reproducao' does not exist on type '{ aluno_id: string; created_at: string | null; curso_alvo_id: string | null; data_fim: string; data_inicio: string; dias_estudo_semana: number; disciplinas_selecionadas: Json; ... 10 more ...; updated_at: string | null; }'.
backend/services/cronograma/cronograma.service.ts(2887,24): error TS2352: Conversion of type 'SelectQueryError<"column 'velocidade_reproducao' does not exist on 'cronogramas'.">' to type '{ id: string; aluno_id: string; data_inicio: string; data_fim: string; horas_estudo_dia: number; dias_estudo_semana: number; periodos_ferias: unknown; velocidade_reproducao: number; }' may be a mistake because neither type sufficiently overlaps with the other. If this was intentional, convert the expression to 'unknown' first.
  Type '{ error: true; } & String' is missing the following properties from type '{ id: string; aluno_id: string; data_inicio: string; data_fim: string; horas_estudo_dia: number; dias_estudo_semana: number; periodos_ferias: unknown; velocidade_reproducao: number; }': id, aluno_id, data_inicio, data_fim, and 4 more.
backend/services/dashboard-analytics/dashboard-analytics.service.ts(1177,10): error TS2769: No overload matches this call.
  Overload 1 of 2, '(values: { cep?: string | null | undefined; cpf?: string | null | undefined; created_at?: string | undefined; data_nascimento?: string | null | undefined; email: string; empresa_id: string; ... 9 more ...; updated_at?: string | undefined; }, options?: { ...; } | undefined): PostgrestFilterBuilder<...>', gave the following error.
    Argument of type '{ id: string; email: string; nome_completo: any; }' is not assignable to parameter of type '{ cep?: string | null | undefined; cpf?: string | null | undefined; created_at?: string | undefined; data_nascimento?: string | null | undefined; email: string; empresa_id: string; endereco?: string | ... 1 more ... | undefined; ... 8 more ...; updated_at?: string | undefined; }'.
      Property 'empresa_id' is missing in type '{ id: string; email: string; nome_completo: any; }' but required in type '{ cep?: string | null | undefined; cpf?: string | null | undefined; created_at?: string | undefined; data_nascimento?: string | null | undefined; email: string; empresa_id: string; endereco?: string | ... 1 more ... | undefined; ... 8 more ...; updated_at?: string | undefined; }'.
  Overload 2 of 2, '(values: { cep?: string | null | undefined; cpf?: string | null | undefined; created_at?: string | undefined; data_nascimento?: string | null | undefined; email: string; empresa_id: string; ... 9 more ...; updated_at?: string | undefined; }[], options?: { ...; } | undefined): PostgrestFilterBuilder<...>', gave the following error.
    Object literal may only specify known properties, and 'id' does not exist in type '{ cep?: string | null | undefined; cpf?: string | null | undefined; created_at?: string | undefined; data_nascimento?: string | null | undefined; email: string; empresa_id: string; endereco?: string | ... 1 more ... | undefined; ... 8 more ...; updated_at?: string | undefined; }[]'.
backend/services/dashboard-analytics/dashboard-analytics.service.ts(1189,12): error TS2769: No overload matches this call.
  Overload 1 of 2, '(values: { cep?: string | null | undefined; cpf?: string | null | undefined; created_at?: string | undefined; data_nascimento?: string | null | undefined; email: string; empresa_id: string; ... 9 more ...; updated_at?: string | undefined; }, options?: { ...; } | undefined): PostgrestFilterBuilder<...>', gave the following error.
    Argument of type '{ id: string; email: string; nome_completo: any; }' is not assignable to parameter of type '{ cep?: string | null | undefined; cpf?: string | null | undefined; created_at?: string | undefined; data_nascimento?: string | null | undefined; email: string; empresa_id: string; endereco?: string | ... 1 more ... | undefined; ... 8 more ...; updated_at?: string | undefined; }'.
      Property 'empresa_id' is missing in type '{ id: string; email: string; nome_completo: any; }' but required in type '{ cep?: string | null | undefined; cpf?: string | null | undefined; created_at?: string | undefined; data_nascimento?: string | null | undefined; email: string; empresa_id: string; endereco?: string | ... 1 more ... | undefined; ... 8 more ...; updated_at?: string | undefined; }'.
  Overload 2 of 2, '(values: { cep?: string | null | undefined; cpf?: string | null | undefined; created_at?: string | undefined; data_nascimento?: string | null | undefined; email: string; empresa_id: string; ... 9 more ...; updated_at?: string | undefined; }[], options?: { ...; } | undefined): PostgrestFilterBuilder<...>', gave the following error.
    Object literal may only specify known properties, and 'id' does not exist in type '{ cep?: string | null | undefined; cpf?: string | null | undefined; created_at?: string | undefined; data_nascimento?: string | null | undefined; email: string; empresa_id: string; endereco?: string | ... 1 more ... | undefined; ... 8 more ...; updated_at?: string | undefined; }[]'.
backend/services/dashboard-analytics/dashboard-analytics.service.ts(1535,31): error TS2352: Conversion of type 'SelectQueryError<"column 'ultima_revisao' does not exist on 'progresso_flashcards'.">[]' to type '{ flashcard_id: string; }[]' may be a mistake because neither type sufficiently overlaps with the other. If this was intentional, convert the expression to 'unknown' first.
  Property 'flashcard_id' is missing in type '{ error: true; } & String' but required in type '{ flashcard_id: string; }'.
backend/services/dashboard-analytics/institution-analytics.service.ts(96,33): error TS2345: Argument of type '(s: { aluno_id: string; }) => string' is not assignable to parameter of type '(value: { aluno_id: string | null; }, index: number, array: { aluno_id: string | null; }[]) => string'.
  Types of parameters 's' and 'value' are incompatible.
    Type '{ aluno_id: string | null; }' is not assignable to type '{ aluno_id: string; }'.
      Types of property 'aluno_id' are incompatible.
        Type 'string | null' is not assignable to type 'string'.
          Type 'null' is not assignable to type 'string'.
backend/services/dashboard-analytics/institution-analytics.service.ts(152,7): error TS2769: No overload matches this call.
  Overload 1 of 3, '(callbackfn: (previousValue: SelectQueryError<"column 'duracao_segundos' does not exist on 'sessoes_estudo'.">, currentValue: SelectQueryError<"column 'duracao_segundos' does not exist on 'sessoes_estudo'.">, currentIndex: number, array: SelectQueryError<...>[]) => SelectQueryError<...>, initialValue: SelectQueryError<...>): SelectQueryError<...>', gave the following error.
    Argument of type '(acc: number, s: { duracao_segundos: number | null; }) => number' is not assignable to parameter of type '(previousValue: SelectQueryError<"column 'duracao_segundos' does not exist on 'sessoes_estudo'.">, currentValue: SelectQueryError<"column 'duracao_segundos' does not exist on 'sessoes_estudo'.">, currentIndex: number, array: SelectQueryError<...>[]) => SelectQueryError<...>'.
      Types of parameters 'acc' and 'previousValue' are incompatible.
        Type 'SelectQueryError<"column 'duracao_segundos' does not exist on 'sessoes_estudo'.">' is not assignable to type 'number'.
  Overload 2 of 3, '(callbackfn: (previousValue: number, currentValue: SelectQueryError<"column 'duracao_segundos' does not exist on 'sessoes_estudo'.">, currentIndex: number, array: SelectQueryError<...>[]) => number, initialValue: number): number', gave the following error.
    Argument of type '(acc: number, s: { duracao_segundos: number | null; }) => number' is not assignable to parameter of type '(previousValue: number, currentValue: SelectQueryError<"column 'duracao_segundos' does not exist on 'sessoes_estudo'.">, currentIndex: number, array: SelectQueryError<"column 'duracao_segundos' does not exist on 'sessoes_estudo'.">[]) => number'.
      Types of parameters 's' and 'currentValue' are incompatible.
        Property 'duracao_segundos' is missing in type '{ error: true; } & String' but required in type '{ duracao_segundos: number | null; }'.
backend/services/dashboard-analytics/institution-analytics.service.ts(166,7): error TS2769: No overload matches this call.
  Overload 1 of 3, '(callbackfn: (previousValue: SelectQueryError<"column 'duracao_segundos' does not exist on 'sessoes_estudo'.">, currentValue: SelectQueryError<"column 'duracao_segundos' does not exist on 'sessoes_estudo'.">, currentIndex: number, array: SelectQueryError<...>[]) => SelectQueryError<...>, initialValue: SelectQueryError<...>): SelectQueryError<...>', gave the following error.
    Argument of type '(acc: number, s: { duracao_segundos: number | null; }) => number' is not assignable to parameter of type '(previousValue: SelectQueryError<"column 'duracao_segundos' does not exist on 'sessoes_estudo'.">, currentValue: SelectQueryError<"column 'duracao_segundos' does not exist on 'sessoes_estudo'.">, currentIndex: number, array: SelectQueryError<...>[]) => SelectQueryError<...>'.
      Types of parameters 'acc' and 'previousValue' are incompatible.
        Type 'SelectQueryError<"column 'duracao_segundos' does not exist on 'sessoes_estudo'.">' is not assignable to type 'number'.
  Overload 2 of 3, '(callbackfn: (previousValue: number, currentValue: SelectQueryError<"column 'duracao_segundos' does not exist on 'sessoes_estudo'.">, currentIndex: number, array: SelectQueryError<...>[]) => number, initialValue: number): number', gave the following error.
    Argument of type '(acc: number, s: { duracao_segundos: number | null; }) => number' is not assignable to parameter of type '(previousValue: number, currentValue: SelectQueryError<"column 'duracao_segundos' does not exist on 'sessoes_estudo'.">, currentIndex: number, array: SelectQueryError<"column 'duracao_segundos' does not exist on 'sessoes_estudo'.">[]) => number'.
      Types of parameters 's' and 'currentValue' are incompatible.
        Property 'duracao_segundos' is missing in type '{ error: true; } & String' but required in type '{ duracao_segundos: number | null; }'.
backend/services/dashboard-analytics/institution-analytics.service.ts(171,36): error TS2362: The left-hand side of an arithmetic operation must be of type 'any', 'number', 'bigint' or an enum type.
backend/services/dashboard-analytics/institution-analytics.service.ts(172,39): error TS2362: The left-hand side of an arithmetic operation must be of type 'any', 'number', 'bigint' or an enum type.
backend/services/dashboard-analytics/institution-analytics.service.ts(173,36): error TS2362: The left-hand side of an arithmetic operation must be of type 'any', 'number', 'bigint' or an enum type.
backend/services/dashboard-analytics/institution-analytics.service.ts(173,53): error TS2363: The right-hand side of an arithmetic operation must be of type 'any', 'number', 'bigint' or an enum type.
backend/services/dashboard-analytics/institution-analytics.service.ts(255,36): error TS2339: Property 'created_at' does not exist on type 'SelectQueryError<"column 'duracao_segundos' does not exist on 'sessoes_estudo'.">'.
backend/services/dashboard-analytics/institution-analytics.service.ts(257,49): error TS2339: Property 'duracao_segundos' does not exist on type 'SelectQueryError<"column 'duracao_segundos' does not exist on 'sessoes_estudo'.">'.
backend/services/dashboard-analytics/institution-analytics.service.ts(335,43): error TS2339: Property 'aluno_id' does not exist on type 'SelectQueryError<"column 'duracao_segundos' does not exist on 'sessoes_estudo'.">'.
backend/services/dashboard-analytics/institution-analytics.service.ts(336,27): error TS2339: Property 'aluno_id' does not exist on type 'SelectQueryError<"column 'duracao_segundos' does not exist on 'sessoes_estudo'.">'.
backend/services/dashboard-analytics/institution-analytics.service.ts(336,55): error TS2339: Property 'duracao_segundos' does not exist on type 'SelectQueryError<"column 'duracao_segundos' does not exist on 'sessoes_estudo'.">'.
backend/services/dashboard-analytics/institution-analytics.service.ts(354,54): error TS2345: Argument of type '(aluno: { id: string; users: { full_name: string | null; avatar_url: string | null; }; }) => { id: string; name: string; avatarUrl: string | null; horasEstudo: string; horasEstudoMinutos: number; aproveitamento: number; streakDays: number; }' is not assignable to parameter of type '(value: { id: string; users: SelectQueryError<"could not find the relation between alunos and users">; }, index: number, array: { id: string; users: SelectQueryError<"could not find the relation between alunos and users">; }[]) => { ...; }'.
  Types of parameters 'aluno' and 'value' are incompatible.
    Type '{ id: string; users: SelectQueryError<"could not find the relation between alunos and users">; }' is not assignable to type '{ id: string; users: { full_name: string | null; avatar_url: string | null; }; }'.
      Types of property 'users' are incompatible.
        Type '{ error: true; } & String' is missing the following properties from type '{ full_name: string | null; avatar_url: string | null; }': full_name, avatar_url
backend/services/dashboard-analytics/institution-analytics.service.ts(397,19): error TS2345: Argument of type '(s: { created_at: string; }) => string' is not assignable to parameter of type '(value: { created_at: string | null; }, index: number, array: { created_at: string | null; }[]) => string'.
  Types of parameters 's' and 'value' are incompatible.
    Type '{ created_at: string | null; }' is not assignable to type '{ created_at: string; }'.
      Types of property 'created_at' are incompatible.
        Type 'string | null' is not assignable to type 'string'.
          Type 'null' is not assignable to type 'string'.
backend/services/dashboard-analytics/institution-analytics.service.ts(440,13): error TS2769: No overload matches this call.
  Overload 1 of 2, '(relation: "empresas" | "agendamentos" | "alunos" | "cursos" | "turmas" | "modulos" | "aulas" | "chat_conversations" | "cronogramas" | "disciplinas" | "frentes" | "segmentos" | "professores" | ... 23 more ... | "sessoes_estudo"): PostgrestQueryBuilder<...>', gave the following error.
    Argument of type '"respostas_questoes"' is not assignable to parameter of type '"empresas" | "agendamentos" | "alunos" | "cursos" | "turmas" | "modulos" | "aulas" | "chat_conversations" | "cronogramas" | "disciplinas" | "frentes" | "segmentos" | "professores" | ... 23 more ... | "sessoes_estudo"'.
  Overload 2 of 2, '(relation: never): PostgrestQueryBuilder<{ PostgrestVersion: "13.0.5"; }, { Tables: { agendamento_bloqueios: { Row: { created_at: string; criado_por: string; data_fim: string; data_inicio: string; empresa_id: string; ... 4 more ...; updated_at: string; }; Insert: { ...; }; Update: { ...; }; Relationships: [...]; }; ... 35 more ...; turmas: { ...; }; }; Views: {}; Functions: { ...; }; Enums: { ...; }; CompositeTypes: {}; }, never, never, never>', gave the following error.
    Argument of type '"respostas_questoes"' is not assignable to parameter of type 'never'.
backend/services/dashboard-analytics/institution-analytics.service.ts(446,39): error TS2769: No overload matches this call.
  Overload 1 of 2, '(predicate: (value: SelectQueryError<"column 'correta' does not exist on 'empresas'."> | SelectQueryError<"column 'correta' does not exist on 'agendamentos'."> | ... 34 more ... | SelectQueryError<...>, index: number, array: (SelectQueryError<...> | ... 35 more ... | SelectQueryError<...>)[]) => value is SelectQueryError<...> | ... 35 more ... | SelectQueryError<...>, thisArg?: any): (SelectQueryError<...> | ... 35 more ... | SelectQueryError<...>)[]', gave the following error.
    Argument of type '(r: { correta: boolean; }) => boolean' is not assignable to parameter of type '(value: SelectQueryError<"column 'correta' does not exist on 'empresas'."> | SelectQueryError<"column 'correta' does not exist on 'agendamentos'."> | ... 34 more ... | SelectQueryError<...>, index: number, array: (SelectQueryError<...> | ... 35 more ... | SelectQueryError<...>)[]) => value is SelectQueryError<...> |...'.
      Types of parameters 'r' and 'value' are incompatible.
        Type 'SelectQueryError<"column 'correta' does not exist on 'empresas'."> | SelectQueryError<"column 'correta' does not exist on 'agendamentos'."> | ... 34 more ... | SelectQueryError<...>' is not assignable to type '{ correta: boolean; }'.
          Property 'correta' is missing in type '{ error: true; } & String' but required in type '{ correta: boolean; }'.
  Overload 2 of 2, '(predicate: (value: SelectQueryError<"column 'correta' does not exist on 'empresas'."> | SelectQueryError<"column 'correta' does not exist on 'agendamentos'."> | ... 34 more ... | SelectQueryError<...>, index: number, array: (SelectQueryError<...> | ... 35 more ... | SelectQueryError<...>)[]) => unknown, thisArg?: any): (SelectQueryError<...> | ... 35 more ... | SelectQueryError<...>)[]', gave the following error.
    Argument of type '(r: { correta: boolean; }) => boolean' is not assignable to parameter of type '(value: SelectQueryError<"column 'correta' does not exist on 'empresas'."> | SelectQueryError<"column 'correta' does not exist on 'agendamentos'."> | ... 34 more ... | SelectQueryError<...>, index: number, array: (SelectQueryError<...> | ... 35 more ... | SelectQueryError<...>)[]) => unknown'.
      Types of parameters 'r' and 'value' are incompatible.
        Type 'SelectQueryError<"column 'correta' does not exist on 'empresas'."> | SelectQueryError<"column 'correta' does not exist on 'agendamentos'."> | ... 34 more ... | SelectQueryError<...>' is not assignable to type '{ correta: boolean; }'.
          Property 'correta' is missing in type '{ error: true; } & String' but required in type '{ correta: boolean; }'.
backend/services/dashboard-analytics/institution-analytics.service.ts(501,16): error TS2352: Conversion of type '{ id: string; users: SelectQueryError<"could not find the relation between professores and users">; }' to type '{ users: { full_name: string | null; avatar_url: string | null; }; }' may be a mistake because neither type sufficiently overlaps with the other. If this was intentional, convert the expression to 'unknown' first.
  Types of property 'users' are incompatible.
    Type '{ error: true; } & String' is missing the following properties from type '{ full_name: string | null; avatar_url: string | null; }': full_name, avatar_url
backend/services/dashboard-analytics/institution-analytics.service.ts(502,21): error TS2352: Conversion of type '{ id: string; users: SelectQueryError<"could not find the relation between professores and users">; }' to type '{ users: { avatar_url: string | null; }; }' may be a mistake because neither type sufficiently overlaps with the other. If this was intentional, convert the expression to 'unknown' first.
  Types of property 'users' are incompatible.
    Property 'avatar_url' is missing in type '{ error: true; } & String' but required in type '{ avatar_url: string | null; }'.
backend/services/dashboard-analytics/institution-analytics.service.ts(542,15): error TS2769: No overload matches this call.
  Overload 1 of 2, '(relation: "empresas" | "agendamentos" | "alunos" | "cursos" | "turmas" | "modulos" | "aulas" | "chat_conversations" | "cronogramas" | "disciplinas" | "frentes" | "segmentos" | "professores" | ... 23 more ... | "sessoes_estudo"): PostgrestQueryBuilder<...>', gave the following error.
    Argument of type '"respostas_questoes"' is not assignable to parameter of type '"empresas" | "agendamentos" | "alunos" | "cursos" | "turmas" | "modulos" | "aulas" | "chat_conversations" | "cronogramas" | "disciplinas" | "frentes" | "segmentos" | "professores" | ... 23 more ... | "sessoes_estudo"'.
  Overload 2 of 2, '(relation: never): PostgrestQueryBuilder<{ PostgrestVersion: "13.0.5"; }, { Tables: { agendamento_bloqueios: { Row: { created_at: string; criado_por: string; data_fim: string; data_inicio: string; empresa_id: string; ... 4 more ...; updated_at: string; }; Insert: { ...; }; Update: { ...; }; Relationships: [...]; }; ... 35 more ...; turmas: { ...; }; }; Views: {}; Functions: { ...; }; Enums: { ...; }; CompositeTypes: {}; }, never, never, never>', gave the following error.
    Argument of type '"respostas_questoes"' is not assignable to parameter of type 'never'.
backend/services/dashboard-analytics/institution-analytics.service.ts(561,41): error TS2769: No overload matches this call.
  Overload 1 of 2, '(predicate: (value: SelectQueryError<"column 'correta' does not exist on 'empresas'."> | SelectQueryError<"column 'correta' does not exist on 'agendamentos'."> | ... 34 more ... | SelectQueryError<...>, index: number, array: (SelectQueryError<...> | ... 35 more ... | SelectQueryError<...>)[]) => value is SelectQueryError<...> | ... 35 more ... | SelectQueryError<...>, thisArg?: any): (SelectQueryError<...> | ... 35 more ... | SelectQueryError<...>)[]', gave the following error.
    Argument of type '(r: { correta: boolean; }) => boolean' is not assignable to parameter of type '(value: SelectQueryError<"column 'correta' does not exist on 'empresas'."> | SelectQueryError<"column 'correta' does not exist on 'agendamentos'."> | ... 34 more ... | SelectQueryError<...>, index: number, array: (SelectQueryError<...> | ... 35 more ... | SelectQueryError<...>)[]) => value is SelectQueryError<...> |...'.
      Types of parameters 'r' and 'value' are incompatible.
        Type 'SelectQueryError<"column 'correta' does not exist on 'empresas'."> | SelectQueryError<"column 'correta' does not exist on 'agendamentos'."> | ... 34 more ... | SelectQueryError<...>' is not assignable to type '{ correta: boolean; }'.
          Property 'correta' is missing in type '{ error: true; } & String' but required in type '{ correta: boolean; }'.
  Overload 2 of 2, '(predicate: (value: SelectQueryError<"column 'correta' does not exist on 'empresas'."> | SelectQueryError<"column 'correta' does not exist on 'agendamentos'."> | ... 34 more ... | SelectQueryError<...>, index: number, array: (SelectQueryError<...> | ... 35 more ... | SelectQueryError<...>)[]) => unknown, thisArg?: any): (SelectQueryError<...> | ... 35 more ... | SelectQueryError<...>)[]', gave the following error.
    Argument of type '(r: { correta: boolean; }) => boolean' is not assignable to parameter of type '(value: SelectQueryError<"column 'correta' does not exist on 'empresas'."> | SelectQueryError<"column 'correta' does not exist on 'agendamentos'."> | ... 34 more ... | SelectQueryError<...>, index: number, array: (SelectQueryError<...> | ... 35 more ... | SelectQueryError<...>)[]) => unknown'.
      Types of parameters 'r' and 'value' are incompatible.
        Type 'SelectQueryError<"column 'correta' does not exist on 'empresas'."> | SelectQueryError<"column 'correta' does not exist on 'agendamentos'."> | ... 34 more ... | SelectQueryError<...>' is not assignable to type '{ correta: boolean; }'.
          Property 'correta' is missing in type '{ error: true; } & String' but required in type '{ correta: boolean; }'.
backend/services/dashboard-analytics/institution-analytics.service.ts(564,23): error TS2345: Argument of type '(r: { aluno_id: string; }) => string' is not assignable to parameter of type '(value: SelectQueryError<"column 'correta' does not exist on 'empresas'."> | SelectQueryError<"column 'correta' does not exist on 'agendamentos'."> | ... 34 more ... | SelectQueryError<...>, index: number, array: (SelectQueryError<...> | ... 35 more ... | SelectQueryError<...>)[]) => string'.
  Types of parameters 'r' and 'value' are incompatible.
    Type 'SelectQueryError<"column 'correta' does not exist on 'empresas'."> | SelectQueryError<"column 'correta' does not exist on 'agendamentos'."> | ... 34 more ... | SelectQueryError<...>' is not assignable to type '{ aluno_id: string; }'.
      Property 'aluno_id' is missing in type '{ error: true; } & String' but required in type '{ aluno_id: string; }'.
backend/services/dashboard-analytics/professor-analytics.service.ts(34,8): error TS2352: Conversion of type '{ users: SelectQueryError<"could not find the relation between professores and users">; } | null' to type '{ users: { full_name: string | null; }; }' may be a mistake because neither type sufficiently overlaps with the other. If this was intentional, convert the expression to 'unknown' first.
  Type '{ users: SelectQueryError<"could not find the relation between professores and users">; }' is not comparable to type '{ users: { full_name: string | null; }; }'.
    Types of property 'users' are incompatible.
      Property 'full_name' is missing in type '{ error: true; } & String' but required in type '{ full_name: string | null; }'.
backend/services/dashboard-analytics/professor-analytics.service.ts(107,51): error TS2339: Property 'data_hora' does not exist on type 'SelectQueryError<"column 'data_hora' does not exist on 'agendamentos'.">'.
backend/services/dashboard-analytics/professor-analytics.service.ts(153,21): error TS2352: Conversion of type 'SelectQueryError<"could not find the relation between agendamentos and alunos">' to type '{ id: string; empresa_id: string; users: { full_name: string | null; avatar_url: string | null; }; }' may be a mistake because neither type sufficiently overlaps with the other. If this was intentional, convert the expression to 'unknown' first.
  Type '{ error: true; } & String' is missing the following properties from type '{ id: string; empresa_id: string; users: { full_name: string | null; avatar_url: string | null; }; }': id, empresa_id, users
backend/services/dashboard-analytics/professor-analytics.service.ts(281,7): error TS2769: No overload matches this call.
  Overload 1 of 2, '(predicate: (value: SelectQueryError<"Invalid Relationships cannot infer result type"> | SelectQueryError<"Invalid RelationName cannot infer result type">, index: number, array: (SelectQueryError<...> | SelectQueryError<...>)[]) => value is SelectQueryError<...> | SelectQueryError<...>, thisArg?: any): (SelectQueryError<...> | SelectQueryError<...>)[]', gave the following error.
    Argument of type '(r: { correta: boolean; }) => boolean' is not assignable to parameter of type '(value: SelectQueryError<"Invalid Relationships cannot infer result type"> | SelectQueryError<"Invalid RelationName cannot infer result type">, index: number, array: (SelectQueryError<...> | SelectQueryError<...>)[]) => value is SelectQueryError<...> | SelectQueryError<...>'.
      Types of parameters 'r' and 'value' are incompatible.
        Type 'SelectQueryError<"Invalid Relationships cannot infer result type"> | SelectQueryError<"Invalid RelationName cannot infer result type">' is not assignable to type '{ correta: boolean; }'.
          Property 'correta' is missing in type '{ error: true; } & String' but required in type '{ correta: boolean; }'.
  Overload 2 of 2, '(predicate: (value: SelectQueryError<"Invalid Relationships cannot infer result type"> | SelectQueryError<"Invalid RelationName cannot infer result type">, index: number, array: (SelectQueryError<...> | SelectQueryError<...>)[]) => unknown, thisArg?: any): (SelectQueryError<...> | SelectQueryError<...>)[]', gave the following error.
    Argument of type '(r: { correta: boolean; }) => boolean' is not assignable to parameter of type '(value: SelectQueryError<"Invalid Relationships cannot infer result type"> | SelectQueryError<"Invalid RelationName cannot infer result type">, index: number, array: (SelectQueryError<...> | SelectQueryError<...>)[]) => unknown'.
      Types of parameters 'r' and 'value' are incompatible.
        Type 'SelectQueryError<"Invalid Relationships cannot infer result type"> | SelectQueryError<"Invalid RelationName cannot infer result type">' is not assignable to type '{ correta: boolean; }'.
          Property 'correta' is missing in type '{ error: true; } & String' but required in type '{ correta: boolean; }'.
backend/services/dashboard-analytics/professor-analytics.service.ts(323,35): error TS2339: Property 'alunos' does not exist on type 'SelectQueryError<"column 'data_hora' does not exist on 'agendamentos'.">'.
backend/services/dashboard-analytics/professor-analytics.service.ts(324,25): error TS2339: Property 'alunos' does not exist on type 'SelectQueryError<"column 'data_hora' does not exist on 'agendamentos'.">'.
backend/services/dashboard-analytics/professor-analytics.service.ts(325,25): error TS2339: Property 'alunos' does not exist on type 'SelectQueryError<"column 'data_hora' does not exist on 'agendamentos'.">'.
backend/services/dashboard-analytics/professor-analytics.service.ts(331,25): error TS2339: Property 'id' does not exist on type 'SelectQueryError<"column 'data_hora' does not exist on 'agendamentos'.">'.
backend/services/dashboard-analytics/professor-analytics.service.ts(332,30): error TS2339: Property 'aluno_id' does not exist on type 'SelectQueryError<"column 'data_hora' does not exist on 'agendamentos'.">'.
backend/services/dashboard-analytics/professor-analytics.service.ts(335,31): error TS2339: Property 'data_hora' does not exist on type 'SelectQueryError<"column 'data_hora' does not exist on 'agendamentos'.">'.
backend/services/dashboard-analytics/professor-analytics.service.ts(336,30): error TS2339: Property 'duracao_minutos' does not exist on type 'SelectQueryError<"column 'data_hora' does not exist on 'agendamentos'.">'.
backend/services/dashboard-analytics/professor-analytics.service.ts(337,29): error TS2339: Property 'status' does not exist on type 'SelectQueryError<"column 'data_hora' does not exist on 'agendamentos'.">'.
backend/services/dashboard-analytics/professor-analytics.service.ts(342,29): error TS2339: Property 'titulo' does not exist on type 'SelectQueryError<"column 'data_hora' does not exist on 'agendamentos'.">'.
backend/services/dashboard-analytics/professor-analytics.service.ts(343,28): error TS2339: Property 'notas' does not exist on type 'SelectQueryError<"column 'data_hora' does not exist on 'agendamentos'.">'.
backend/services/dashboard-analytics/professor-analytics.service.ts(401,9): error TS2769: No overload matches this call.
  Overload 1 of 2, '(predicate: (value: SelectQueryError<"Invalid Relationships cannot infer result type"> | SelectQueryError<"Invalid RelationName cannot infer result type">, index: number, array: (SelectQueryError<...> | SelectQueryError<...>)[]) => value is SelectQueryError<...> | SelectQueryError<...>, thisArg?: any): (SelectQueryError<...> | SelectQueryError<...>)[]', gave the following error.
    Argument of type '(r: { correta: boolean; }) => boolean' is not assignable to parameter of type '(value: SelectQueryError<"Invalid Relationships cannot infer result type"> | SelectQueryError<"Invalid RelationName cannot infer result type">, index: number, array: (SelectQueryError<...> | SelectQueryError<...>)[]) => value is SelectQueryError<...> | SelectQueryError<...>'.
      Types of parameters 'r' and 'value' are incompatible.
        Type 'SelectQueryError<"Invalid Relationships cannot infer result type"> | SelectQueryError<"Invalid RelationName cannot infer result type">' is not assignable to type '{ correta: boolean; }'.
          Property 'correta' is missing in type '{ error: true; } & String' but required in type '{ correta: boolean; }'.
  Overload 2 of 2, '(predicate: (value: SelectQueryError<"Invalid Relationships cannot infer result type"> | SelectQueryError<"Invalid RelationName cannot infer result type">, index: number, array: (SelectQueryError<...> | SelectQueryError<...>)[]) => unknown, thisArg?: any): (SelectQueryError<...> | SelectQueryError<...>)[]', gave the following error.
    Argument of type '(r: { correta: boolean; }) => boolean' is not assignable to parameter of type '(value: SelectQueryError<"Invalid Relationships cannot infer result type"> | SelectQueryError<"Invalid RelationName cannot infer result type">, index: number, array: (SelectQueryError<...> | SelectQueryError<...>)[]) => unknown'.
      Types of parameters 'r' and 'value' are incompatible.
        Type 'SelectQueryError<"Invalid Relationships cannot infer result type"> | SelectQueryError<"Invalid RelationName cannot infer result type">' is not assignable to type '{ correta: boolean; }'.
          Property 'correta' is missing in type '{ error: true; } & String' but required in type '{ correta: boolean; }'.
backend/services/dashboard-analytics/professor-analytics.service.ts(407,23): error TS2345: Argument of type '(r: { aluno_id: string; }) => string' is not assignable to parameter of type '(value: SelectQueryError<"Invalid Relationships cannot infer result type"> | SelectQueryError<"Invalid RelationName cannot infer result type">, index: number, array: (SelectQueryError<...> | SelectQueryError<...>)[]) => string'.
  Types of parameters 'r' and 'value' are incompatible.
    Type 'SelectQueryError<"Invalid Relationships cannot infer result type"> | SelectQueryError<"Invalid RelationName cannot infer result type">' is not assignable to type '{ aluno_id: string; }'.
      Property 'aluno_id' is missing in type '{ error: true; } & String' but required in type '{ aluno_id: string; }'.
backend/services/flashcards/flashcards.service.ts(1496,25): error TS2677: A type predicate's type must be assignable to its parameter's type.
  Type 'FlashcardAdmin' is not assignable to type '{ id: string; modulo_id: string; pergunta: string; pergunta_imagem_path: string | null; resposta: string; resposta_imagem_path: string | null; created_at: string; modulo: { id: string; nome: string; numero_modulo: number | null; frente: { ...; }; }; }'.
    Types of property 'pergunta_imagem_path' are incompatible.
      Type 'string | null | undefined' is not assignable to type 'string | null'.
        Type 'undefined' is not assignable to type 'string | null'.
backend/services/flashcards/flashcards.service.ts(1520,5): error TS2322: Type '{ data: ({ id: string; modulo_id: string; pergunta: string; pergunta_imagem_path: string | null; resposta: string; resposta_imagem_path: string | null; created_at: string; modulo: { id: string; nome: string; numero_modulo: number | null; frente: { ...; }; }; } | null)[]; total: number; }' is not assignable to type '{ data: FlashcardAdmin[]; total: number; }'.
  Types of property 'data' are incompatible.
    Type '({ id: string; modulo_id: string; pergunta: string; pergunta_imagem_path: string | null; resposta: string; resposta_imagem_path: string | null; created_at: string; modulo: { id: string; nome: string; numero_modulo: number | null; frente: { ...; }; }; } | null)[]' is not assignable to type 'FlashcardAdmin[]'.
      Type '{ id: string; modulo_id: string; pergunta: string; pergunta_imagem_path: string | null; resposta: string; resposta_imagem_path: string | null; created_at: string; modulo: { id: string; nome: string; numero_modulo: number | null; frente: { ...; }; }; } | null' is not assignable to type 'FlashcardAdmin'.
        Type 'null' is not assignable to type 'FlashcardAdmin'.
backend/services/sessao-estudo/sessao-estudo.repository.ts(42,19): error TS2339: Property 'modulo_id' does not exist on type '{ aluno_id: string | null; atividade_relacionada_id: string | null; created_at: string | null; disciplina_id: string | null; empresa_id: string | null; fim: string | null; frente_id: string | null; ... 8 more ...; updated_at: string | null; }'.
backend/services/teacher/teacher.repository.ts(211,7): error TS2322: Type 'string | null' is not assignable to type 'string'.
  Type 'null' is not assignable to type 'string'.
components/active-theme copy.tsx(4,25): error TS2305: Module '"@/lib/themes"' has no exported member 'ThemeType'.
components/custom-date-range-picker.tsx(172,21): error TS2322: Type '{ children: Element; key: number; className: string; value: string; onClick: () => void; asChild: true; }' is not assignable to type 'IntrinsicAttributes & ButtonHTMLAttributes<HTMLButtonElement> & RefAttributes<HTMLButtonElement> & { ...; } & VariantProps<...>'.
  Property 'asChild' does not exist on type 'IntrinsicAttributes & ButtonHTMLAttributes<HTMLButtonElement> & RefAttributes<HTMLButtonElement> & { ...; } & VariantProps<...>'.
components/layout copy/header/index.tsx(6,27): error TS2307: Cannot find module '@/components/layout/header/notifications' or its corresponding type declarations.
components/layout copy/header/index.tsx(7,20): error TS2307: Cannot find module '@/components/layout/header/search' or its corresponding type declarations.
components/layout copy/header/index.tsx(8,25): error TS2307: Cannot find module '@/components/layout/header/theme-switch' or its corresponding type declarations.
components/layout copy/header/index.tsx(9,22): error TS2307: Cannot find module '@/components/layout/header/user-menu' or its corresponding type declarations.
components/layout copy/header/search.tsx(20,26): error TS2307: Cannot find module '@/components/layout/sidebar/nav-main' or its corresponding type declarations.
components/layout copy/header/search.tsx(66,26): error TS7006: Parameter 'route' implicitly has an 'any' type.
components/layout copy/header/search.tsx(69,35): error TS7006: Parameter 'item' implicitly has an 'any' type.
components/layout copy/header/search.tsx(69,41): error TS7006: Parameter 'key' implicitly has an 'any' type.
components/layout copy/sidebar/app-sidebar.tsx(21,25): error TS2307: Cannot find module '@/components/layout/sidebar/nav-main' or its corresponding type declarations.
components/layout copy/sidebar/app-sidebar.tsx(22,25): error TS2307: Cannot find module '@/components/layout/sidebar/nav-user' or its corresponding type declarations.
components/layout copy/sidebar/app-sidebar.tsx(24,18): error TS2307: Cannot find module '@/components/layout/logo' or its corresponding type declarations.
components/ui/chart.tsx(155,23): error TS7006: Parameter 'item' implicitly has an 'any' type.
components/ui/chart.tsx(155,29): error TS7006: Parameter 'index' implicitly has an 'any' type.
components/ui/chart.tsx(244,21): error TS7006: Parameter 'item' implicitly has an 'any' type.
components/ui/custom/minimal-tiptap/components/bubble-menu/link-bubble-menu.tsx(4,10): error TS2305: Module '"@tiptap/react"' has no exported member 'BubbleMenu'.
components/ui/custom/minimal-tiptap/extensions/code-block-lowlight/code-block-lowlight.ts(2,10): error TS2305: Module '"lowlight"' has no exported member 'common'.
components/ui/custom/minimal-tiptap/extensions/code-block-lowlight/code-block-lowlight.ts(2,18): error TS2305: Module '"lowlight"' has no exported member 'createLowlight'.
components/ui/custom/minimal-tiptap/extensions/code-block-lowlight/code-block-lowlight.ts(5,3): error TS2322: Type '(this: { name: string; parent: (() => CodeBlockLowlightOptions) | undefined; }) => { lowlight: any; defaultLanguage: null; HTMLAttributes: { class: string; }; languageClassPrefix?: string | ... 1 more ... | undefined; exitOnTripleEnter?: boolean | ... 1 more ... | undefined; exitOnArrowDown?: boolean | ... 1 more .....' is not assignable to type '(this: { name: string; parent: (() => CodeBlockLowlightOptions) | undefined; }) => CodeBlockLowlightOptions'.
  Type '{ lowlight: any; defaultLanguage: null; HTMLAttributes: { class: string; }; languageClassPrefix?: string | null | undefined; exitOnTripleEnter?: boolean | null | undefined; exitOnArrowDown?: boolean | null | undefined; enableTabIndentation?: boolean | null | undefined; tabSize?: number | null | undefined; }' is not assignable to type 'CodeBlockLowlightOptions'.
    Property 'languageClassPrefix' is optional in type '{ lowlight: any; defaultLanguage: null; HTMLAttributes: { class: string; }; languageClassPrefix?: string | null | undefined; exitOnTripleEnter?: boolean | null | undefined; exitOnArrowDown?: boolean | ... 1 more ... | undefined; enableTabIndentation?: boolean | ... 1 more ... | undefined; tabSize?: number | ... 1 mo...' but required in type 'CodeBlockLowlightOptions'.
components/ui/custom/minimal-tiptap/extensions/image/image.ts(143,3): error TS2322: Type '(this: { name: string; parent: (() => CustomImageOptions) | undefined; }) => { allowedMimeTypes: never[]; maxFileSize: number; uploadFn: undefined; onToggle: undefined; downloadImage: undefined; ... 9 more ...; resize?: false | ... 1 more ... | undefined; }' is not assignable to type '(this: { name: string; parent: (() => CustomImageOptions) | undefined; }) => CustomImageOptions'.
  Call signature return types '{ allowedMimeTypes: never[]; maxFileSize: number; uploadFn: undefined; onToggle: undefined; downloadImage: undefined; copyImage: undefined; copyLink: undefined; onImageRemoved?: ((props: Attrs) => void) | undefined; ... 6 more ...; resize?: false | ... 1 more ... | undefined; }' and 'CustomImageOptions' are incompatible.
    The types of 'inline' are incompatible between these types.
      Type 'boolean | undefined' is not assignable to type 'boolean'.
        Type 'undefined' is not assignable to type 'boolean'.
components/ui/custom/minimal-tiptap/extensions/link/link.ts(27,3): error TS2322: Type '(this: { name: string; parent: (() => LinkOptions) | undefined; }) => { openOnClick: false; HTMLAttributes: { class: string; }; autolink?: boolean | undefined; protocols?: (string | LinkProtocolOptions)[] | undefined; ... 5 more ...; shouldAutoLink?: ((url: string) => boolean) | undefined; }' is not assignable to type '(this: { name: string; parent: (() => LinkOptions) | undefined; }) => LinkOptions'.
  Call signature return types '{ openOnClick: false; HTMLAttributes: { class: string; }; autolink?: boolean | undefined; protocols?: (string | LinkProtocolOptions)[] | undefined; defaultProtocol?: string | undefined; ... 4 more ...; shouldAutoLink?: ((url: string) => boolean) | undefined; }' and 'LinkOptions' are incompatible.
    The types of 'autolink' are incompatible between these types.
      Type 'boolean | undefined' is not assignable to type 'boolean'.
        Type 'undefined' is not assignable to type 'boolean'.
