
> aluminify@0.1.1 typecheck
> tsc -p tsconfig.json --noEmit

app/[tenant]/(dashboard)/admin/alunos/page.tsx(38,63): error TS2339: Property 'name' does not exist on type 'Curso'.
app/[tenant]/(dashboard)/admin/alunos/page.tsx(38,82): error TS2339: Property 'usaTurmas' does not exist on type 'Curso'.
app/[tenant]/(dashboard)/admin/cursos/[id]/page.tsx(36,32): error TS2307: Cannot find module '@/app/[tenant]/(dashboard)/aluno/components/bulk-actions-bar' or its corresponding type declarations.
app/[tenant]/(dashboard)/admin/cursos/[id]/page.tsx(37,40): error TS2307: Cannot find module '@/app/[tenant]/(dashboard)/aluno/components/transfer-students-dialog' or its corresponding type declarations.
app/[tenant]/(dashboard)/admin/cursos/[id]/page.tsx(38,42): error TS2307: Cannot find module '@/app/[tenant]/(dashboard)/aluno/components/aluno-table' or its corresponding type declarations.
app/[tenant]/(dashboard)/admin/empresa/alunos/page.tsx(5,34): error TS2307: Cannot find module '@/app/(dashboard)/admin/alunos/components/client-page' or its corresponding type declarations.
app/[tenant]/(dashboard)/admin/empresa/alunos/page.tsx(43,63): error TS2339: Property 'name' does not exist on type 'Curso'.
app/[tenant]/(dashboard)/admin/empresa/alunos/page.tsx(43,82): error TS2339: Property 'usaTurmas' does not exist on type 'Curso'.
app/[tenant]/(dashboard)/admin/financeiro/transacoes/[id]/page.tsx(8,40): error TS2307: Cannot find module '@/components/financial/transaction-status-badge' or its corresponding type declarations.
app/[tenant]/(dashboard)/admin/financeiro/transacoes/page.tsx(8,36): error TS2307: Cannot find module '@/components/financial/transaction-filters' or its corresponding type declarations.
app/[tenant]/(dashboard)/admin/financeiro/transacoes/page.tsx(9,40): error TS2307: Cannot find module '@/components/financial/transaction-status-badge' or its corresponding type declarations.
app/[tenant]/(dashboard)/agendamentos/[professorId]/page.tsx(33,27): error TS2304: Cannot find name 'getProfessorById'.
app/[tenant]/(dashboard)/agendamentos/[professorId]/page.tsx(41,11): error TS7006: Parameter 'n' implicitly has an 'any' type.
app/[tenant]/(dashboard)/agendamentos/bloqueios/components/bloqueios-manager.tsx(34,20): error TS2307: Cannot find module '@/app/shared/core/utils' or its corresponding type declarations.
app/[tenant]/(dashboard)/agendamentos/components/form-panel.tsx(43,31): error TS2345: Argument of type '{ professor_id: string; aluno_id: string; data_inicio: string; data_fim: string; observacoes: string | null; link_reuniao: null; }' is not assignable to parameter of type 'Omit<Agendamento, "created_at" | "id" | "updated_at">'.
  Property 'status' is missing in type '{ professor_id: string; aluno_id: string; data_inicio: string; data_fim: string; observacoes: string | null; link_reuniao: null; }' but required in type 'Omit<Agendamento, "created_at" | "id" | "updated_at">'.
app/[tenant]/(dashboard)/agendamentos/lib/appointment-actions.ts(5,37): error TS2307: Cannot find module '@/app/shared/core/agendamento-utils' or its corresponding type declarations.
app/[tenant]/(dashboard)/agendamentos/lib/appointment-actions.ts(6,38): error TS2307: Cannot find module '@/app/shared/core/agendamento-validations' or its corresponding type declarations.
app/[tenant]/(dashboard)/agendamentos/lib/appointment-actions.ts(63,24): error TS2304: Cannot find name 'Database'.
app/[tenant]/(dashboard)/agendamentos/lib/availability-actions.ts(5,40): error TS2307: Cannot find module '@/app/shared/core/agendamento-validations' or its corresponding type declarations.
app/[tenant]/(dashboard)/agendamentos/lib/availability-actions.ts(63,18): error TS2304: Cannot find name 'Database'.
app/[tenant]/(dashboard)/agendamentos/lib/availability-actions.ts(174,23): error TS7006: Parameter 'slot' implicitly has an 'any' type.
app/[tenant]/(dashboard)/agendamentos/lib/availability-actions.ts(337,18): error TS2304: Cannot find name 'Database'.
app/[tenant]/(dashboard)/agendamentos/lib/availability-actions.ts(448,37): error TS7006: Parameter 's' implicitly has an 'any' type.
app/[tenant]/(dashboard)/agendamentos/lib/config-actions.ts(7,3): error TS2724: '"../types"' has no exported member named 'ProfessorIntegracao'. Did you mean 'DbProfessorIntegracao'?
app/[tenant]/(dashboard)/agendamentos/lib/professor-selection-actions.ts(4,40): error TS2307: Cannot find module '@/app/shared/core/agendamento-validations' or its corresponding type declarations.
app/[tenant]/(dashboard)/atividades/services/regras.service.ts(11,31): error TS2307: Cannot find module '../atividade' or its corresponding type declarations.
app/[tenant]/(dashboard)/atividades/services/regras.types.ts(1,31): error TS2307: Cannot find module '../atividade' or its corresponding type declarations.
app/[tenant]/(dashboard)/biblioteca/client.tsx(10,33): error TS2307: Cannot find module '@/app/shared/core/services/progresso-atividade' or its corresponding type declarations.
app/[tenant]/(dashboard)/biblioteca/components/atividade-row.tsx(9,20): error TS2307: Cannot find module '@/app/shared/core/utils' or its corresponding type declarations.
app/[tenant]/(dashboard)/biblioteca/components/atividade-row.tsx(10,55): error TS2307: Cannot find module '@/app/shared/core/services/progresso-atividade' or its corresponding type declarations.
app/[tenant]/(dashboard)/biblioteca/components/content-list.tsx(11,55): error TS2307: Cannot find module '@/app/shared/core/services/progresso-atividade' or its corresponding type declarations.
app/[tenant]/(dashboard)/biblioteca/components/desempenho-modal.tsx(25,43): error TS2307: Cannot find module '@/app/shared/core/services/progresso-atividade' or its corresponding type declarations.
app/[tenant]/(dashboard)/biblioteca/types/index.ts(5,8): error TS2307: Cannot find module '@/app/shared/core/services/progresso-atividade' or its corresponding type declarations.
app/[tenant]/(dashboard)/brand-customization/components/theme-customizer/content-layout-selector.tsx(4,32): error TS2307: Cannot find module '@/components/active-theme' or its corresponding type declarations.
app/[tenant]/(dashboard)/brand-customization/components/theme-customizer/preset-selector.tsx(4,32): error TS2307: Cannot find module '@/components/active-theme' or its corresponding type declarations.
app/[tenant]/(dashboard)/brand-customization/components/theme-customizer/preset-selector.tsx(20,52): error TS7006: Parameter 'p' implicitly has an 'any' type.
app/[tenant]/(dashboard)/brand-customization/components/theme-customizer/preset-selector.tsx(44,24): error TS7006: Parameter 'themePreset' implicitly has an 'any' type.
app/[tenant]/(dashboard)/brand-customization/components/theme-customizer/preset-selector.tsx(48,44): error TS7006: Parameter 'color' implicitly has an 'any' type.
app/[tenant]/(dashboard)/brand-customization/components/theme-customizer/preset-selector.tsx(48,51): error TS7006: Parameter 'key' implicitly has an 'any' type.
app/[tenant]/(dashboard)/brand-customization/components/theme-customizer/preset-selector.tsx(64,41): error TS7006: Parameter 'preset' implicitly has an 'any' type.
app/[tenant]/(dashboard)/brand-customization/components/theme-customizer/preset-selector.tsx(68,50): error TS7006: Parameter 'color' implicitly has an 'any' type.
app/[tenant]/(dashboard)/brand-customization/components/theme-customizer/preset-selector.tsx(68,57): error TS7006: Parameter 'key' implicitly has an 'any' type.
app/[tenant]/(dashboard)/brand-customization/components/theme-customizer/radius-selector.tsx(4,32): error TS2307: Cannot find module '@/components/active-theme' or its corresponding type declarations.
app/[tenant]/(dashboard)/brand-customization/components/theme-customizer/reset-theme.tsx(3,32): error TS2307: Cannot find module '@/components/active-theme' or its corresponding type declarations.
app/[tenant]/(dashboard)/brand-customization/components/theme-customizer/reset-theme.tsx(20,59): error TS7006: Parameter 'p' implicitly has an 'any' type.
app/[tenant]/(dashboard)/brand-customization/components/theme-customizer/scale-selector.tsx(4,32): error TS2307: Cannot find module '@/components/active-theme' or its corresponding type declarations.
app/[tenant]/(dashboard)/brand-customization/services/brand-customization-manager.ts(506,7): error TS2322: Type '{ googleFonts: never[]; isCustom: false; createdAt: Date; updatedAt: Date; fontSans: string[]; fontMono: string[]; fontSizes: { xs: string; sm: string; base: string; lg: string; xl: string; "2xl": string; "3xl": string; "4xl": string; }; fontWeights: { light: number; normal: number; medium: number; semibold: number;...' is not assignable to type 'FontScheme'.
  Types of property 'fontWeights' are incompatible.
    Property 'fathers' is missing in type '{ light: number; normal: number; medium: number; semibold: number; bold: number; }' but required in type '{ light: number; normal: number; medium: number; semibold: number; bold: number; fathers: number; }'.
app/[tenant]/(dashboard)/brand-customization/services/font-scheme-manager.ts(105,9): error TS2741: Property 'fathers' is missing in type '{ light: number; normal: number; medium: number; semibold: number; bold: number; }' but required in type '{ light: number; normal: number; medium: number; semibold: number; bold: number; fathers: number; }'.
app/[tenant]/(dashboard)/brand-customization/services/font-scheme-manager.ts(164,13): error TS2322: Type '{ updatedAt: Date; name?: string | undefined; fontSans?: string[] | undefined; fontMono?: string[] | undefined; fontSizes?: { xs: string; sm: string; base: string; lg: string; xl: string; "2xl": string; "3xl": string; "4xl": string; } | undefined; fontWeights?: { light: number; normal: number; medium: number; semibo...' is not assignable to type 'Partial<Omit<FontScheme, "id" | "empresaId" | "createdAt" | "createdBy">>'.
  Types of property 'fontWeights' are incompatible.
    Type '{ light: number; normal: number; medium: number; semibold: number; bold: number; } | undefined' is not assignable to type '{ light: number; normal: number; medium: number; semibold: number; bold: number; fathers: number; } | undefined'.
      Property 'fathers' is missing in type '{ light: number; normal: number; medium: number; semibold: number; bold: number; }' but required in type '{ light: number; normal: number; medium: number; semibold: number; bold: number; fathers: number; }'.
app/[tenant]/(dashboard)/configuracoes/components/integracao-manager.tsx(19,8): error TS2724: '"@/app/[tenant]/(dashboard)/agendamentos/lib/actions"' has no exported member named 'ProfessorIntegracao'. Did you mean 'DbProfessorIntegracao'?
app/[tenant]/(dashboard)/configuracoes/empresa/page.tsx(10,24): error TS2339: Property 'auth' does not exist on type 'Promise<SupabaseClient<Database, "public", "public", { Tables: { agendamento_bloqueios: { Row: { created_at: string; criado_por: string; data_fim: string; data_inicio: string; empresa_id: string; ... 4 more ...; updated_at: string; }; Insert: { ...; }; Update: { ...; }; Relationships: [...]; }; ... 42 more ...; usua...'.
app/[tenant]/(dashboard)/configuracoes/integracoes/page.tsx(2,35): error TS2307: Cannot find module '../../components/integracao-manager' or its corresponding type declarations.
app/[tenant]/(dashboard)/conteudos/materiais/page.tsx(2,36): error TS2307: Cannot find module '../../components/materials-client' or its corresponding type declarations.
app/[tenant]/(dashboard)/cronograma/services/cronograma.service.ts(1505,15): error TS2345: Argument of type '(f: FrenteInfo) => { frente_nome: string; curso_id: string | null; total_aulas: number; curso_id_correto: boolean; }' is not assignable to parameter of type '(value: unknown, index: number, array: unknown[]) => { frente_nome: string; curso_id: string | null; total_aulas: number; curso_id_correto: boolean; }'.
  Types of parameters 'f' and 'value' are incompatible.
    Type 'unknown' is not assignable to type 'FrenteInfo'.
app/[tenant]/(dashboard)/curso/components/relatorios-dashboard.tsx(39,20): error TS2307: Cannot find module '@/app/shared/core/utils' or its corresponding type declarations.
app/[tenant]/(dashboard)/curso/relatorios/page.tsx(45,28): error TS2322: Type '{ professorId: string; empresaId: string; }' is not assignable to type 'IntrinsicAttributes & RelatoriosDashboardProps'.
  Property 'professorId' does not exist on type 'IntrinsicAttributes & RelatoriosDashboardProps'.
app/[tenant]/(dashboard)/curso/services/curso.repository.ts(66,5): error TS2353: Object literal may only specify known properties, and 'empresaId' does not exist in type 'Curso'.
app/[tenant]/(dashboard)/curso/services/curso.service.ts(151,23): error TS2304: Cannot find name 'UpdateCourseInput'.
app/[tenant]/(dashboard)/curso/services/curso.types.ts(9,3): error TS2724: '"@/app/shared/types"' has no exported member named 'CreateCursoInput'. Did you mean 'CreateCourseInput'?
app/[tenant]/(dashboard)/curso/services/curso.types.ts(10,3): error TS2724: '"@/app/shared/types"' has no exported member named 'UpdateCursoInput'. Did you mean 'UpdateCourseInput'?
app/[tenant]/(dashboard)/curso/services/material.service.ts(9,3): error TS2724: '"./errors"' has no exported member named 'CourseMaterialNotFoundError'. Did you mean 'CourseNotFoundError'?
app/[tenant]/(dashboard)/curso/services/material.service.ts(10,3): error TS2724: '"./errors"' has no exported member named 'CourseMaterialValidationError'. Did you mean 'CourseValidationError'?
app/[tenant]/(dashboard)/curso/services/material.service.ts(79,23): error TS2304: Cannot find name 'UpdateCourseMaterialInput'.
app/[tenant]/(dashboard)/dashboard/components/dashboard-header.tsx(7,31): error TS2307: Cannot find module '@/app/[tenant]/(dashboard)/aluno/dashboard/types' or its corresponding type declarations.
app/[tenant]/(dashboard)/dashboard/components/institution/disciplina-performance.tsx(6,20): error TS2307: Cannot find module '@/app/shared/core/utils' or its corresponding type declarations.
app/[tenant]/(dashboard)/dashboard/components/institution/institution-dashboard-client.tsx(9,8): error TS2307: Cannot find module '@/dashboard/services/institutionDashboardService' or its corresponding type declarations.
app/[tenant]/(dashboard)/dashboard/components/institution/institution-dashboard-client.tsx(15,56): error TS2307: Cannot find module '@/app/[tenant]/(dashboard)/aluno/dashboard/components/consistency-heatmap' or its corresponding type declarations.
app/[tenant]/(dashboard)/dashboard/components/institution/institution-dashboard-client.tsx(205,26): error TS7006: Parameter 'p' implicitly has an 'any' type.
app/[tenant]/(dashboard)/dashboard/components/institution/institution-metrics.tsx(4,28): error TS2307: Cannot find module '@/app/[tenant]/(dashboard)/aluno/dashboard/components/metric-card' or its corresponding type declarations.
app/[tenant]/(dashboard)/dashboard/components/metric-card.tsx(7,20): error TS2307: Cannot find module '@/app/shared/core/utils' or its corresponding type declarations.
app/[tenant]/(dashboard)/dashboard/services/dashboard-analytics.service.ts(9,8): error TS2307: Cannot find module '@/types/dashboard-student' or its corresponding type declarations.
app/[tenant]/(dashboard)/dashboard/services/institution-analytics.service.ts(10,33): error TS2307: Cannot find module '@/app/[tenant]/(dashboard)/aluno/dashboard/types' or its corresponding type declarations.
app/[tenant]/(dashboard)/dashboard/types/institution.ts(7,33): error TS2307: Cannot find module '@/app/[tenant]/(dashboard)/aluno/dashboard/types' or its corresponding type declarations.
app/[tenant]/(dashboard)/flashcards/client.tsx(6,10): error TS2724: '"./services/flashcards.service"' has no exported member named 'flashcardsService'. Did you mean 'FlashcardsService'?
app/[tenant]/(dashboard)/pending-analysis/components/schedule-wizard.tsx(40,20): error TS2307: Cannot find module '@/app/shared/core/utils' or its corresponding type declarations.
app/[tenant]/(dashboard)/professor/agendamentos/page.tsx(4,39): error TS2307: Cannot find module './components/agendamentos-dashboard' or its corresponding type declarations.
app/[tenant]/(dashboard)/professor/dashboard/components/professor-dashboard-client.tsx(9,8): error TS2307: Cannot find module '@/professor/services/professorDashboardService' or its corresponding type declarations.
app/[tenant]/(dashboard)/professor/dashboard/components/professor-disciplina-performance.tsx(6,20): error TS2307: Cannot find module '@/app/shared/core/utils' or its corresponding type declarations.
app/[tenant]/(dashboard)/professor/dashboard/components/professor-metrics.tsx(4,28): error TS2307: Cannot find module '@/app/[tenant]/(dashboard)/aluno/dashboard/components/metric-card' or its corresponding type declarations.
app/[tenant]/(dashboard)/sala-de-estudos/client.tsx(13,5): error TS2305: Module '"./types"' has no exported member 'AtividadeComProgresso'.
app/[tenant]/(dashboard)/sala-de-estudos/client.tsx(14,5): error TS2305: Module '"./types"' has no exported member 'CursoComDisciplinas'.
app/[tenant]/(dashboard)/sala-de-estudos/client.tsx(15,5): error TS2305: Module '"./types"' has no exported member 'DisciplinaComFrentes'.
app/[tenant]/(dashboard)/sala-de-estudos/client.tsx(16,5): error TS2305: Module '"./types"' has no exported member 'FrenteComModulos'.
app/[tenant]/(dashboard)/sala-de-estudos/client.tsx(17,5): error TS2305: Module '"./types"' has no exported member 'ModuloComAtividades'.
app/[tenant]/(dashboard)/sala-de-estudos/client.tsx(19,55): error TS2307: Cannot find module '@/app/shared/core/services/progresso-atividade' or its corresponding type declarations.
app/[tenant]/(dashboard)/sala-de-estudos/client.tsx(70,58): error TS7006: Parameter 'disc' implicitly has an 'any' type.
app/[tenant]/(dashboard)/sala-de-estudos/client.tsx(78,36): error TS7006: Parameter 'disc' implicitly has an 'any' type.
app/[tenant]/(dashboard)/sala-de-estudos/client.tsx(79,35): error TS7006: Parameter 'frente' implicitly has an 'any' type.
app/[tenant]/(dashboard)/sala-de-estudos/client.tsx(329,57): error TS7006: Parameter 'disciplina' implicitly has an 'any' type.
app/[tenant]/(dashboard)/sala-de-estudos/client.tsx(336,66): error TS7006: Parameter 'frente' implicitly has an 'any' type.
app/[tenant]/(dashboard)/sala-de-estudos/client.tsx(343,74): error TS7006: Parameter 'modulo' implicitly has an 'any' type.
app/[tenant]/(dashboard)/sala-de-estudos/components/atividade-checklist-row.tsx(10,55): error TS2307: Cannot find module '@/app/shared/core/services/progresso-atividade' or its corresponding type declarations.
app/[tenant]/(dashboard)/sala-de-estudos/components/atividade-checklist-row.tsx(12,10): error TS2305: Module '"../types"' has no exported member 'AtividadeComProgresso'.
app/[tenant]/(dashboard)/sala-de-estudos/components/modulo-activities-accordion.tsx(10,10): error TS2305: Module '"../types"' has no exported member 'ModuloComAtividades'.
app/[tenant]/(dashboard)/sala-de-estudos/components/modulo-activities-accordion.tsx(10,31): error TS2305: Module '"../types"' has no exported member 'AtividadeComProgresso'.
app/[tenant]/(dashboard)/sala-de-estudos/components/modulo-activities-accordion.tsx(11,55): error TS2307: Cannot find module '@/app/shared/core/services/progresso-atividade' or its corresponding type declarations.
app/[tenant]/(dashboard)/sala-de-estudos/components/progresso-stats-card.tsx(8,10): error TS2305: Module '"../types"' has no exported member 'AtividadeComProgresso'.
app/[tenant]/(dashboard)/sala-de-estudos/components/registrar-desempenho-modal.tsx(25,43): error TS2307: Cannot find module '@/app/shared/core/services/progresso-atividade' or its corresponding type declarations.
app/[tenant]/(dashboard)/sala-de-estudos/components/registrar-desempenho-modal.tsx(26,15): error TS2305: Module '"../types"' has no exported member 'AtividadeComProgresso'.
app/[tenant]/(dashboard)/sala-de-estudos/services/sala-estudos.service.ts(3,3): error TS2305: Module '"../types"' has no exported member 'AtividadeComProgresso'.
app/[tenant]/(dashboard)/sala-de-estudos/services/sala-estudos.service.ts(4,3): error TS2305: Module '"../types"' has no exported member 'CursoComDisciplinas'.
app/[tenant]/(dashboard)/sala-de-estudos/services/sala-estudos.service.ts(5,3): error TS2305: Module '"../types"' has no exported member 'DisciplinaComFrentes'.
app/[tenant]/(dashboard)/sala-de-estudos/services/sala-estudos.service.ts(6,3): error TS2305: Module '"../types"' has no exported member 'FrenteComModulos'.
app/[tenant]/(dashboard)/sala-de-estudos/services/sala-estudos.service.ts(7,3): error TS2305: Module '"../types"' has no exported member 'ModuloComAtividades'.
app/[tenant]/(dashboard)/sala-de-estudos/services/sala-estudos.service.ts(8,3): error TS2305: Module '"../types"' has no exported member 'DesempenhoData'.
app/[tenant]/(dashboard)/tobias/page.tsx(12,8): error TS2307: Cannot find module '@/components/ui/shadcn-io/ai/conversation' or its corresponding type declarations.
app/[tenant]/(dashboard)/tobias/page.tsx(13,56): error TS2307: Cannot find module '@/components/ui/shadcn-io/ai/message' or its corresponding type declarations.
app/[tenant]/(dashboard)/tobias/page.tsx(14,26): error TS2307: Cannot find module '@/components/ui/shadcn-io/ai/response' or its corresponding type declarations.
app/[tenant]/(dashboard)/tobias/page.tsx(20,8): error TS2307: Cannot find module '@/components/ui/shadcn-io/ai/prompt-input' or its corresponding type declarations.
app/[tenant]/(dashboard)/tobias/page.tsx(21,24): error TS2307: Cannot find module '@/components/ui/shadcn-io/ai/loader' or its corresponding type declarations.
app/[tenant]/(dashboard)/usuario/services/user-role-identifier.service.ts(4,10): error TS2305: Module '"@/app/[tenant]/(dashboard)/admin/services"' has no exported member 'isAdminRole'.
app/[tenant]/auth/middleware.ts(3,48): error TS2307: Cannot find module './types' or its corresponding type declarations.
app/[tenant]/auth/services/auth.service.ts(2,76): error TS2307: Cannot find module './types' or its corresponding type declarations.
app/[tenant]/features/pessoas/services/index.ts(12,15): error TS2307: Cannot find module './student-transfer.types' or its corresponding type declarations.
app/[tenant]/features/pessoas/services/index.ts(13,15): error TS2307: Cannot find module './student-transfer.repository' or its corresponding type declarations.
app/[tenant]/features/pessoas/services/index.ts(14,15): error TS2307: Cannot find module './student-transfer.service' or its corresponding type declarations.
app/[tenant]/features/pessoas/services/index.ts(23,1): error TS2308: Module "./student.repository" has already exported a member named 'PaginatedResult'. Consider explicitly re-exporting to resolve the ambiguity.
app/[tenant]/features/pessoas/services/student-import.service.ts(275,11): error TS2304: Cannot find name 'SupabaseClient'.
app/[tenant]/features/pessoas/services/teacher.service.ts(12,3): error TS2305: Module '"./errors"' has no exported member 'TeacherConflictError'.
app/[tenant]/features/pessoas/services/teacher.service.ts(13,3): error TS2305: Module '"./errors"' has no exported member 'TeacherNotFoundError'.
app/[tenant]/features/pessoas/services/teacher.service.ts(14,3): error TS2305: Module '"./errors"' has no exported member 'TeacherValidationError'.
app/[tenant]/features/schedules/components/schedule-wizard.tsx(40,20): error TS2307: Cannot find module '@/app/shared/core/utils' or its corresponding type declarations.
app/api/admin/alunos/route.ts(5,10): error TS2724: '"@/app/[tenant]/features/pessoas/services"' has no exported member named 'studentService'. Did you mean 'StudentService'?
app/api/admin/professores/route.ts(5,10): error TS2305: Module '"@/app/[tenant]/(dashboard)/empresa/services"' has no exported member 'EmpresaRepositoryImpl'.
app/api/auth/signup-with-empresa/route.ts(3,3): error TS2305: Module '"@/app/[tenant]/(dashboard)/empresa/services"' has no exported member 'EmpresaService'.
app/api/auth/signup-with-empresa/route.ts(4,3): error TS2305: Module '"@/app/[tenant]/(dashboard)/empresa/services"' has no exported member 'EmpresaRepositoryImpl'.
app/api/course-material/[id]/route.ts(3,3): error TS2724: '"@/app/[tenant]/(dashboard)/curso/services/material.service"' has no exported member named 'materialCursoService'. Did you mean 'MaterialCursoService'?
app/api/course-material/[id]/route.ts(4,3): error TS2305: Module '"@/app/[tenant]/(dashboard)/curso/services/material.service"' has no exported member 'MaterialCursoNotFoundError'.
app/api/course-material/[id]/route.ts(5,3): error TS2305: Module '"@/app/[tenant]/(dashboard)/curso/services/material.service"' has no exported member 'MaterialCursoValidationError'.
app/api/course-material/[id]/route.ts(6,3): error TS2724: '"@/app/[tenant]/(dashboard)/curso/services/material.service"' has no exported member named 'createMaterialCursoService'. Did you mean 'MaterialCursoService'?
app/api/course-material/[id]/route.ts(34,39): error TS18046: 'error' is of type 'unknown'.
app/api/course-material/[id]/route.ts(38,39): error TS18046: 'error' is of type 'unknown'.
app/api/course-material/route.ts(3,3): error TS2724: '"@/app/[tenant]/(dashboard)/curso/services/material.service"' has no exported member named 'materialCursoService'. Did you mean 'MaterialCursoService'?
app/api/course-material/route.ts(4,3): error TS2305: Module '"@/app/[tenant]/(dashboard)/curso/services/material.service"' has no exported member 'MaterialCursoValidationError'.
app/api/course-material/route.ts(5,3): error TS2724: '"@/app/[tenant]/(dashboard)/curso/services/material.service"' has no exported member named 'createMaterialCursoService'. Did you mean 'MaterialCursoService'?
app/api/course-material/route.ts(33,39): error TS18046: 'error' is of type 'unknown'.
app/api/course/[id]/route.ts(3,3): error TS2724: '"@/app/[tenant]/(dashboard)/curso/services"' has no exported member named 'courseService'. Did you mean 'cursoService'?
app/api/course/[id]/turmas/route.ts(3,10): error TS2724: '"@/app/[tenant]/features/pessoas/services"' has no exported member named 'createStudentTransferService'. Did you mean 'createStudentService'?
app/api/course/route.ts(3,3): error TS2724: '"@/app/[tenant]/(dashboard)/curso/services"' has no exported member named 'courseService'. Did you mean 'cursoService'?
app/api/cronograma/[id]/distribuicao-dias/route.ts(4,3): error TS2724: '"@/app/[tenant]/(dashboard)/cronograma/services"' has no exported member named 'CronogramaService'. Did you mean 'cronogramaService'?
app/api/cronograma/[id]/distribuicao-dias/route.ts(14,39): error TS18046: 'error' is of type 'unknown'.
app/api/cronograma/[id]/export/ics/route.ts(4,41): error TS2307: Cannot find module '@/app/shared/core/cronograma-export-utils' or its corresponding type declarations.
app/api/cronograma/[id]/export/pdf/route.tsx(6,41): error TS2307: Cannot find module '@/app/shared/core/cronograma-export-utils' or its corresponding type declarations.
app/api/cronograma/[id]/export/xlsx/route.ts(5,41): error TS2307: Cannot find module '@/app/shared/core/cronograma-export-utils' or its corresponding type declarations.
app/api/cronograma/route.ts(27,24): error TS2304: Cannot find name 'CronogramaConflictError'.
app/api/cronograma/route.ts(28,39): error TS18046: 'error' is of type 'unknown'.
app/api/empresas/[id]/route.ts(4,10): error TS2305: Module '"@/app/[tenant]/(dashboard)/empresa/services"' has no exported member 'EmpresaService'.
app/api/empresas/[id]/route.ts(4,26): error TS2305: Module '"@/app/[tenant]/(dashboard)/empresa/services"' has no exported member 'EmpresaRepositoryImpl'.
app/api/empresas/route.ts(3,10): error TS2305: Module '"@/app/[tenant]/(dashboard)/empresa/services"' has no exported member 'EmpresaService'.
app/api/empresas/route.ts(3,26): error TS2305: Module '"@/app/[tenant]/(dashboard)/empresa/services"' has no exported member 'EmpresaRepositoryImpl'.
app/api/empresas/self/route.ts(5,3): error TS2305: Module '"@/app/[tenant]/(dashboard)/empresa/services"' has no exported member 'EmpresaRepositoryImpl'.
app/api/empresas/self/route.ts(6,3): error TS2305: Module '"@/app/[tenant]/(dashboard)/empresa/services"' has no exported member 'EmpresaService'.
app/api/student/[id]/route.ts(35,35): error TS7006: Parameter 'course' implicitly has an 'any' type.
app/api/student/[id]/route.ts(69,28): error TS2304: Cannot find name 'createClient'.
app/api/student/[id]/route.ts(85,28): error TS2304: Cannot find name 'createClient'.
app/api/student/[id]/route.ts(114,28): error TS2304: Cannot find name 'createClient'.
app/api/student/bulk-import/route.ts(3,3): error TS2724: '"@/app/[tenant]/features/pessoas/services"' has no exported member named 'studentImportService'. Did you mean 'StudentImportService'?
app/api/student/bulk-import/route.ts(368,28): error TS2304: Cannot find name 'createClient'.
app/api/student/bulk-import/route.ts(369,27): error TS2552: Cannot find name 'createStudentImportService'. Did you mean 'studentImportService'?
app/api/student/bulk-transfer/course/route.ts(3,10): error TS2724: '"@/app/[tenant]/features/pessoas/services"' has no exported member named 'createStudentTransferService'. Did you mean 'createStudentService'?
app/api/student/bulk-transfer/course/route.ts(4,48): error TS2307: Cannot find module '@/app/[tenant]/features/pessoas/services/student-transfer.types' or its corresponding type declarations.
app/api/student/bulk-transfer/turma/route.ts(3,10): error TS2724: '"@/app/[tenant]/features/pessoas/services"' has no exported member named 'createStudentTransferService'. Did you mean 'createStudentService'?
app/api/student/bulk-transfer/turma/route.ts(4,47): error TS2307: Cannot find module '@/app/[tenant]/features/pessoas/services/student-transfer.types' or its corresponding type declarations.
app/api/student/by-course/[courseId]/route.ts(3,10): error TS2724: '"@/app/[tenant]/features/pessoas/services"' has no exported member named 'createStudentTransferService'. Did you mean 'createStudentService'?
app/api/student/by-turma/[turmaId]/route.ts(3,10): error TS2724: '"@/app/[tenant]/features/pessoas/services"' has no exported member named 'createStudentTransferService'. Did you mean 'createStudentService'?
app/api/student/import/route.ts(3,3): error TS2724: '"@/app/[tenant]/features/pessoas/services"' has no exported member named 'studentImportService'. Did you mean 'StudentImportService'?
app/api/student/import/route.ts(78,28): error TS2304: Cannot find name 'createClient'.
app/api/student/import/route.ts(79,27): error TS2552: Cannot find name 'createStudentImportService'. Did you mean 'studentImportService'?
app/api/student/route.ts(13,38): error TS2304: Cannot find name 'studentService'.
app/api/student/route.ts(27,35): error TS7006: Parameter 'course' implicitly has an 'any' type.
app/api/student/route.ts(116,19): error TS2304: Cannot find name 'studentService'.
app/api/student/route.ts(184,19): error TS2304: Cannot find name 'studentService'.
app/api/teacher/[id]/route.ts(3,3): error TS2724: '"@/app/[tenant]/features/pessoas/services"' has no exported member named 'teacherService'. Did you mean 'TeacherService'?
app/api/teacher/[id]/route.ts(4,3): error TS2305: Module '"@/app/[tenant]/features/pessoas/services"' has no exported member 'TeacherConflictError'.
app/api/teacher/[id]/route.ts(5,3): error TS2305: Module '"@/app/[tenant]/features/pessoas/services"' has no exported member 'TeacherNotFoundError'.
app/api/teacher/[id]/route.ts(6,3): error TS2305: Module '"@/app/[tenant]/features/pessoas/services"' has no exported member 'TeacherValidationError'.
app/api/teacher/[id]/route.ts(30,39): error TS18046: 'error' is of type 'unknown'.
app/api/teacher/[id]/route.ts(34,39): error TS18046: 'error' is of type 'unknown'.
app/api/teacher/[id]/route.ts(38,39): error TS18046: 'error' is of type 'unknown'.
app/api/teacher/route.ts(3,3): error TS2724: '"@/app/[tenant]/features/pessoas/services"' has no exported member named 'teacherService'. Did you mean 'TeacherService'?
app/api/teacher/route.ts(4,3): error TS2305: Module '"@/app/[tenant]/features/pessoas/services"' has no exported member 'TeacherConflictError'.
app/api/teacher/route.ts(5,3): error TS2305: Module '"@/app/[tenant]/features/pessoas/services"' has no exported member 'TeacherValidationError'.
app/api/teacher/route.ts(26,39): error TS18046: 'error' is of type 'unknown'.
app/api/teacher/route.ts(30,39): error TS18046: 'error' is of type 'unknown'.
app/auth/forgot-password/page.tsx(3,28): error TS2307: Cannot find module '@/components/tenant-logo' or its corresponding type declarations.
app/auth/update-password/page.tsx(3,28): error TS2307: Cannot find module '@/components/tenant-logo' or its corresponding type declarations.
app/page.tsx(1,29): error TS2307: Cannot find module '@/components/landing-page' or its corresponding type declarations.
app/shared/components/calendar/calendar-header.tsx(5,54): error TS2307: Cannot find module '@react-@/app/shared/types' or its corresponding type declarations.
app/shared/components/layout/aluno-sidebar.tsx(17,28): error TS2307: Cannot find module '@/components/tenant-logo' or its corresponding type declarations.
app/shared/components/layout/app-sidebar.tsx(3,35): error TS2307: Cannot find module '@/superadmin/components/superadmin-sidebar' or its corresponding type declarations.
app/shared/components/layout/empresa-sidebar.tsx(21,28): error TS2307: Cannot find module '@/components/tenant-logo' or its corresponding type declarations.
app/shared/components/layout/professor-sidebar.tsx(19,28): error TS2307: Cannot find module '@/components/tenant-logo' or its corresponding type declarations.
app/shared/components/providers/tenant-branding-provider.tsx(4,32): error TS2307: Cannot find module '@/components/active-theme' or its corresponding type declarations.
app/shared/components/providers/tenant-branding-provider.tsx(5,40): error TS2307: Cannot find module '@/app/shared/core/services/branding-sync-manager' or its corresponding type declarations.
app/shared/components/providers/tenant-branding-provider.tsx(293,50): error TS7006: Parameter 'event' implicitly has an 'any' type.
app/shared/components/providers/theme-provider.tsx(4,37): error TS2307: Cannot find module '@/components/active-theme' or its corresponding type declarations.
app/shared/core/database/database-auth.ts(3,31): error TS2307: Cannot find module '@/lib/database.types' or its corresponding type declarations.
app/shared/core/database/database.ts(25,31): error TS2307: Cannot find module '@/lib/database.types' or its corresponding type declarations.
app/shared/core/middleware/empresa-context.ts(3,10): error TS2459: Module '"@/app/[tenant]/auth/middleware"' declares 'AuthUser' locally, but it is not exported.
app/shared/core/services/institutionDashboardService.ts(2,43): error TS2307: Cannot find module '@/app/shared/core/api-client' or its corresponding type declarations.
app/shared/core/services/institutionDashboardService.ts(38,11): error TS18046: 'error' is of type 'unknown'.
app/shared/core/services/institutionDashboardService.ts(38,35): error TS18046: 'error' is of type 'unknown'.
app/shared/core/services/institutionDashboardService.ts(39,29): error TS18046: 'error' is of type 'unknown'.
app/shared/core/services/institutionDashboardService.ts(46,28): error TS18046: 'error' is of type 'unknown'.
app/shared/core/services/institutionDashboardService.ts(47,33): error TS18046: 'error' is of type 'unknown'.
app/shared/core/services/institutionDashboardService.ts(54,9): error TS18046: 'error' is of type 'unknown'.
app/shared/core/services/institutionDashboardService.ts(55,11): error TS18046: 'error' is of type 'unknown'.
app/shared/core/services/institutionDashboardService.ts(58,29): error TS18046: 'error' is of type 'unknown'.
app/shared/core/services/institutionDashboardService.ts(59,37): error TS18046: 'error' is of type 'unknown'.
app/shared/core/themes.ts(2,65): error TS2307: Cannot find module '@/components/active-theme' or its corresponding type declarations.
app/shared/hooks/use-tenant-branding.ts(10,41): error TS2307: Cannot find module '@/app/shared/core/services/css-properties-manager' or its corresponding type declarations.
middleware.ts(1,10): error TS2305: Module '"@/app/shared/core/middleware.logic"' has no exported member 'middleware'.
workers/study-timer.worker.ts(1,40): error TS2307: Cannot find module '@/types/sessao-estudo' or its corresponding type declarations.
